# JRE version: OpenJDK Runtime Environment Temurin-17.0.7+7 (17.0.7+7) (build 17.0.7+7)
# Java VM: OpenJDK 64-Bit Server VM Temurin-17.0.7+7 (17.0.7+7, mixed mode, tiered, compressed oops, compressed class ptrs, parallel gc, linux-amd64)
GC Precious Log:
 CPUs: 8 total, 4 available
 Memory: 11845M
 Large Page Support: Disabled
 NUMA Support: Disabled
 Compressed Oops: Enabled (32-bit)
 Alignments: Space 512K, Generation 512K, Heap 2M
 Heap Min Capacity: 100M
 Heap Initial Capacity: 100M
 Heap Max Capacity: 1G
 Pre-touch: Disabled
 Parallel Workers: 4
Heap:
 PSYoungGen      total 15872K, used 15434K [0x00000000eab00000, 0x00000000ec200000, 0x0000000100000000)
  eden space 14848K, 97% used [0x00000000eab00000,0x00000000eb912968,0x00000000eb980000)
  from space 1024K, 100% used [0x00000000ebd80000,0x00000000ebe80000,0x00000000ebe80000)
  to   space 4096K, 0% used [0x00000000eb980000,0x00000000eb980000,0x00000000ebd80000)
 ParOldGen       total 276480K, used 250197K [0x00000000c0000000, 0x00000000d0e00000, 0x00000000eab00000)
  object space 276480K, 90% used [0x00000000c0000000,0x00000000cf4554e8,0x00000000d0e00000)
 Metaspace       used 69894K, committed 70912K, reserved 1114112K
  class space    used 8449K, committed 8896K, reserved 1048576K
GC Heap History (20 events):
Event: 95.887 GC heap before
{Heap before GC invocations=280 (full 13):
 PSYoungGen      total 18944K, used 18848K [0x00000000eab00000, 0x00000000ebf80000, 0x0000000100000000)
  eden space 16896K, 100% used [0x00000000eab00000,0x00000000ebb80000,0x00000000ebb80000)
  from space 2048K, 95% used [0x00000000ebc00000,0x00000000ebde8000,0x00000000ebe00000)
  to   space 1536K, 0% used [0x00000000ebe00000,0x00000000ebe00000,0x00000000ebf80000)
 ParOldGen       total 276480K, used 228909K [0x00000000c0000000, 0x00000000d0e00000, 0x00000000eab00000)
  object space 276480K, 82% used [0x00000000c0000000,0x00000000cdf8b4d0,0x00000000d0e00000)
 Metaspace       used 69894K, committed 70912K, reserved 1114112K
  class space    used 8449K, committed 8896K, reserved 1048576K
}
Event: 95.891 GC heap after
{Heap after GC invocations=280 (full 13):
 PSYoungGen      total 16896K, used 1536K [0x00000000eab00000, 0x00000000ec380000, 0x0000000100000000)
  eden space 15360K, 0% used [0x00000000eab00000,0x00000000eab00000,0x00000000eba00000)
  from space 1536K, 100% used [0x00000000ebe00000,0x00000000ebf80000,0x00000000ebf80000)
  to   space 4096K, 0% used [0x00000000eba00000,0x00000000eba00000,0x00000000ebe00000)
 ParOldGen       total 276480K, used 231045K [0x00000000c0000000, 0x00000000d0e00000, 0x00000000eab00000)
  object space 276480K, 83% used [0x00000000c0000000,0x00000000ce1a14d0,0x00000000d0e00000)
 Metaspace       used 69894K, committed 70912K, reserved 1114112K
  class space    used 8449K, committed 8896K, reserved 1048576K
}
Event: 95.927 GC heap before
{Heap before GC invocations=281 (full 13):
 PSYoungGen      total 16896K, used 16896K [0x00000000eab00000, 0x00000000ec380000, 0x0000000100000000)
  eden space 15360K, 100% used [0x00000000eab00000,0x00000000eba00000,0x00000000eba00000)
  from space 1536K, 100% used [0x00000000ebe00000,0x00000000ebf80000,0x00000000ebf80000)
  to   space 4096K, 0% used [0x00000000eba00000,0x00000000eba00000,0x00000000ebe00000)
 ParOldGen       total 276480K, used 231045K [0x00000000c0000000, 0x00000000d0e00000, 0x00000000eab00000)
  object space 276480K, 83% used [0x00000000c0000000,0x00000000ce1a14d0,0x00000000d0e00000)
 Metaspace       used 69894K, committed 70912K, reserved 1114112K
  class space    used 8449K, committed 8896K, reserved 1048576K
}
Event: 95.932 GC heap after
{Heap after GC invocations=281 (full 13):
 PSYoungGen      total 17408K, used 1824K [0x00000000eab00000, 0x00000000ebf00000, 0x0000000100000000)
  eden space 15360K, 0% used [0x00000000eab00000,0x00000000eab00000,0x00000000eba00000)
  from space 2048K, 89% used [0x00000000eba00000,0x00000000ebbc8000,0x00000000ebc00000)
  to   space 2560K, 0% used [0x00000000ebc80000,0x00000000ebc80000,0x00000000ebf00000)
 ParOldGen       total 276480K, used 232613K [0x00000000c0000000, 0x00000000d0e00000, 0x00000000eab00000)
  object space 276480K, 84% used [0x00000000c0000000,0x00000000ce3294d0,0x00000000d0e00000)
 Metaspace       used 69894K, committed 70912K, reserved 1114112K
  class space    used 8449K, committed 8896K, reserved 1048576K
}
Event: 95.968 GC heap before
{Heap before GC invocations=282 (full 13):
 PSYoungGen      total 17408K, used 17184K [0x00000000eab00000, 0x00000000ebf00000, 0x0000000100000000)
  eden space 15360K, 100% used [0x00000000eab00000,0x00000000eba00000,0x00000000eba00000)
  from space 2048K, 89% used [0x00000000eba00000,0x00000000ebbc8000,0x00000000ebc00000)
  to   space 2560K, 0% used [0x00000000ebc80000,0x00000000ebc80000,0x00000000ebf00000)
 ParOldGen       total 276480K, used 232613K [0x00000000c0000000, 0x00000000d0e00000, 0x00000000eab00000)
  object space 276480K, 84% used [0x00000000c0000000,0x00000000ce3294d0,0x00000000d0e00000)
 Metaspace       used 69894K, committed 70912K, reserved 1114112K
  class space    used 8449K, committed 8896K, reserved 1048576K
}
Event: 95.972 GC heap after
{Heap after GC invocations=282 (full 13):
 PSYoungGen      total 17408K, used 1728K [0x00000000eab00000, 0x00000000ebe80000, 0x0000000100000000)
  eden space 15360K, 0% used [0x00000000eab00000,0x00000000eab00000,0x00000000eba00000)
  from space 2048K, 84% used [0x00000000ebc80000,0x00000000ebe30000,0x00000000ebe80000)
  to   space 2048K, 0% used [0x00000000eba00000,0x00000000eba00000,0x00000000ebc00000)
 ParOldGen       total 276480K, used 234445K [0x00000000c0000000, 0x00000000d0e00000, 0x00000000eab00000)
  object space 276480K, 84% used [0x00000000c0000000,0x00000000ce4f34d0,0x00000000d0e00000)
 Metaspace       used 69894K, committed 70912K, reserved 1114112K
  class space    used 8449K, committed 8896K, reserved 1048576K
}
Event: 96.011 GC heap before
{Heap before GC invocations=283 (full 13):
 PSYoungGen      total 17408K, used 17088K [0x00000000eab00000, 0x00000000ebe80000, 0x0000000100000000)
  eden space 15360K, 100% used [0x00000000eab00000,0x00000000eba00000,0x00000000eba00000)
  from space 2048K, 84% used [0x00000000ebc80000,0x00000000ebe30000,0x00000000ebe80000)
  to   space 2048K, 0% used [0x00000000eba00000,0x00000000eba00000,0x00000000ebc00000)
 ParOldGen       total 276480K, used 234445K [0x00000000c0000000, 0x00000000d0e00000, 0x00000000eab00000)
  object space 276480K, 84% used [0x00000000c0000000,0x00000000ce4f34d0,0x00000000d0e00000)
 Metaspace       used 69894K, committed 70912K, reserved 1114112K
  class space    used 8449K, committed 8896K, reserved 1048576K
}
Event: 96.015 GC heap after
{Heap after GC invocations=283 (full 13):
 PSYoungGen      total 17408K, used 1824K [0x00000000eab00000, 0x00000000ebe00000, 0x0000000100000000)
  eden space 15360K, 0% used [0x00000000eab00000,0x00000000eab00000,0x00000000eba00000)
  from space 2048K, 89% used [0x00000000eba00000,0x00000000ebbc8000,0x00000000ebc00000)
  to   space 2048K, 0% used [0x00000000ebc00000,0x00000000ebc00000,0x00000000ebe00000)
 ParOldGen       total 276480K, used 236157K [0x00000000c0000000, 0x00000000d0e00000, 0x00000000eab00000)
  object space 276480K, 85% used [0x00000000c0000000,0x00000000ce69f4d0,0x00000000d0e00000)
 Metaspace       used 69894K, committed 70912K, reserved 1114112K
  class space    used 8449K, committed 8896K, reserved 1048576K
}
Event: 96.058 GC heap before
{Heap before GC invocations=284 (full 13):
 PSYoungGen      total 17408K, used 17184K [0x00000000eab00000, 0x00000000ebe00000, 0x0000000100000000)
  eden space 15360K, 100% used [0x00000000eab00000,0x00000000eba00000,0x00000000eba00000)
  from space 2048K, 89% used [0x00000000eba00000,0x00000000ebbc8000,0x00000000ebc00000)
  to   space 2048K, 0% used [0x00000000ebc00000,0x00000000ebc00000,0x00000000ebe00000)
 ParOldGen       total 276480K, used 236157K [0x00000000c0000000, 0x00000000d0e00000, 0x00000000eab00000)
  object space 276480K, 85% used [0x00000000c0000000,0x00000000ce69f4d0,0x00000000d0e00000)
 Metaspace       used 69894K, committed 70912K, reserved 1114112K
  class space    used 8449K, committed 8896K, reserved 1048576K
}
Event: 96.063 GC heap after
{Heap after GC invocations=284 (full 13):
 PSYoungGen      total 17408K, used 1600K [0x00000000eab00000, 0x00000000ebe00000, 0x0000000100000000)
  eden space 15360K, 0% used [0x00000000eab00000,0x00000000eab00000,0x00000000eba00000)
  from space 2048K, 78% used [0x00000000ebc00000,0x00000000ebd90000,0x00000000ebe00000)
  to   space 2048K, 0% used [0x00000000eba00000,0x00000000eba00000,0x00000000ebc00000)
 ParOldGen       total 276480K, used 237933K [0x00000000c0000000, 0x00000000d0e00000, 0x00000000eab00000)
  object space 276480K, 86% used [0x00000000c0000000,0x00000000ce85b4d0,0x00000000d0e00000)
 Metaspace       used 69894K, committed 70912K, reserved 1114112K
  class space    used 8449K, committed 8896K, reserved 1048576K
}
Event: 96.149 GC heap before
{Heap before GC invocations=285 (full 13):
 PSYoungGen      total 17408K, used 16960K [0x00000000eab00000, 0x00000000ebe00000, 0x0000000100000000)
  eden space 15360K, 100% used [0x00000000eab00000,0x00000000eba00000,0x00000000eba00000)
  from space 2048K, 78% used [0x00000000ebc00000,0x00000000ebd90000,0x00000000ebe00000)
  to   space 2048K, 0% used [0x00000000eba00000,0x00000000eba00000,0x00000000ebc00000)
 ParOldGen       total 276480K, used 237933K [0x00000000c0000000, 0x00000000d0e00000, 0x00000000eab00000)
  object space 276480K, 86% used [0x00000000c0000000,0x00000000ce85b4d0,0x00000000d0e00000)
 Metaspace       used 69894K, committed 70912K, reserved 1114112K
  class space    used 8449K, committed 8896K, reserved 1048576K
}
Event: 96.155 GC heap after
{Heap after GC invocations=285 (full 13):
 PSYoungGen      total 17408K, used 2016K [0x00000000eab00000, 0x00000000ec500000, 0x0000000100000000)
  eden space 15360K, 0% used [0x00000000eab00000,0x00000000eab00000,0x00000000eba00000)
  from space 2048K, 98% used [0x00000000eba00000,0x00000000ebbf8008,0x00000000ebc00000)
  to   space 5632K, 0% used [0x00000000ebf80000,0x00000000ebf80000,0x00000000ec500000)
 ParOldGen       total 276480K, used 240765K [0x00000000c0000000, 0x00000000d0e00000, 0x00000000eab00000)
  object space 276480K, 87% used [0x00000000c0000000,0x00000000ceb1f4d0,0x00000000d0e00000)
 Metaspace       used 69894K, committed 70912K, reserved 1114112K
  class space    used 8449K, committed 8896K, reserved 1048576K
}
Event: 96.198 GC heap before
{Heap before GC invocations=286 (full 13):
 PSYoungGen      total 17408K, used 17376K [0x00000000eab00000, 0x00000000ec500000, 0x0000000100000000)
  eden space 15360K, 100% used [0x00000000eab00000,0x00000000eba00000,0x00000000eba00000)
  from space 2048K, 98% used [0x00000000eba00000,0x00000000ebbf8008,0x00000000ebc00000)
  to   space 5632K, 0% used [0x00000000ebf80000,0x00000000ebf80000,0x00000000ec500000)
 ParOldGen       total 276480K, used 240765K [0x00000000c0000000, 0x00000000d0e00000, 0x00000000eab00000)
  object space 276480K, 87% used [0x00000000c0000000,0x00000000ceb1f4d0,0x00000000d0e00000)
 Metaspace       used 69894K, committed 70912K, reserved 1114112K
  class space    used 8449K, committed 8896K, reserved 1048576K
}
Event: 96.202 GC heap after
{Heap after GC invocations=286 (full 13):
 PSYoungGen      total 17408K, used 1760K [0x00000000eab00000, 0x00000000ec180000, 0x0000000100000000)
  eden space 15360K, 0% used [0x00000000eab00000,0x00000000eab00000,0x00000000eba00000)
  from space 2048K, 85% used [0x00000000ebf80000,0x00000000ec138000,0x00000000ec180000)
  to   space 3072K, 0% used [0x00000000ebb80000,0x00000000ebb80000,0x00000000ebe80000)
 ParOldGen       total 276480K, used 242789K [0x00000000c0000000, 0x00000000d0e00000, 0x00000000eab00000)
  object space 276480K, 87% used [0x00000000c0000000,0x00000000ced194d8,0x00000000d0e00000)
 Metaspace       used 69894K, committed 70912K, reserved 1114112K
  class space    used 8449K, committed 8896K, reserved 1048576K
}
Event: 96.252 GC heap before
{Heap before GC invocations=287 (full 13):
 PSYoungGen      total 17408K, used 17120K [0x00000000eab00000, 0x00000000ec180000, 0x0000000100000000)
  eden space 15360K, 100% used [0x00000000eab00000,0x00000000eba00000,0x00000000eba00000)
  from space 2048K, 85% used [0x00000000ebf80000,0x00000000ec138000,0x00000000ec180000)
  to   space 3072K, 0% used [0x00000000ebb80000,0x00000000ebb80000,0x00000000ebe80000)
 ParOldGen       total 276480K, used 242789K [0x00000000c0000000, 0x00000000d0e00000, 0x00000000eab00000)
  object space 276480K, 87% used [0x00000000c0000000,0x00000000ced194d8,0x00000000d0e00000)
 Metaspace       used 69894K, committed 70912K, reserved 1114112K
  class space    used 8449K, committed 8896K, reserved 1048576K
}
Event: 96.256 GC heap after
{Heap after GC invocations=287 (full 13):
 PSYoungGen      total 17408K, used 1848K [0x00000000eab00000, 0x00000000ec000000, 0x0000000100000000)
  eden space 15360K, 0% used [0x00000000eab00000,0x00000000eab00000,0x00000000eba00000)
  from space 2048K, 90% used [0x00000000ebb80000,0x00000000ebd4e010,0x00000000ebd80000)
  to   space 2048K, 0% used [0x00000000ebe00000,0x00000000ebe00000,0x00000000ec000000)
 ParOldGen       total 276480K, used 244509K [0x00000000c0000000, 0x00000000d0e00000, 0x00000000eab00000)
  object space 276480K, 88% used [0x00000000c0000000,0x00000000ceec74d8,0x00000000d0e00000)
 Metaspace       used 69894K, committed 70912K, reserved 1114112K
  class space    used 8449K, committed 8896K, reserved 1048576K
}
Event: 96.297 GC heap before
{Heap before GC invocations=288 (full 13):
 PSYoungGen      total 17408K, used 17208K [0x00000000eab00000, 0x00000000ec000000, 0x0000000100000000)
  eden space 15360K, 100% used [0x00000000eab00000,0x00000000eba00000,0x00000000eba00000)
  from space 2048K, 90% used [0x00000000ebb80000,0x00000000ebd4e010,0x00000000ebd80000)
  to   space 2048K, 0% used [0x00000000ebe00000,0x00000000ebe00000,0x00000000ec000000)
 ParOldGen       total 276480K, used 244509K [0x00000000c0000000, 0x00000000d0e00000, 0x00000000eab00000)
  object space 276480K, 88% used [0x00000000c0000000,0x00000000ceec74d8,0x00000000d0e00000)
 Metaspace       used 69894K, committed 70912K, reserved 1114112K
  class space    used 8449K, committed 8896K, reserved 1048576K
}
Event: 96.302 GC heap after
{Heap after GC invocations=288 (full 13):
 PSYoungGen      total 17408K, used 1600K [0x00000000eab00000, 0x00000000ec000000, 0x0000000100000000)
  eden space 15360K, 0% used [0x00000000eab00000,0x00000000eab00000,0x00000000eba00000)
  from space 2048K, 78% used [0x00000000ebe00000,0x00000000ebf90000,0x00000000ec000000)
  to   space 2048K, 0% used [0x00000000ebb80000,0x00000000ebb80000,0x00000000ebd80000)
 ParOldGen       total 276480K, used 246309K [0x00000000c0000000, 0x00000000d0e00000, 0x00000000eab00000)
  object space 276480K, 89% used [0x00000000c0000000,0x00000000cf0894e8,0x00000000d0e00000)
 Metaspace       used 69894K, committed 70912K, reserved 1114112K
  class space    used 8449K, committed 8896K, reserved 1048576K
}
Event: 96.353 GC heap before
{Heap before GC invocations=289 (full 13):
 PSYoungGen      total 17408K, used 16960K [0x00000000eab00000, 0x00000000ec000000, 0x0000000100000000)
  eden space 15360K, 100% used [0x00000000eab00000,0x00000000eba00000,0x00000000eba00000)
  from space 2048K, 78% used [0x00000000ebe00000,0x00000000ebf90000,0x00000000ec000000)
  to   space 2048K, 0% used [0x00000000ebb80000,0x00000000ebb80000,0x00000000ebd80000)
 ParOldGen       total 276480K, used 246309K [0x00000000c0000000, 0x00000000d0e00000, 0x00000000eab00000)
  object space 276480K, 89% used [0x00000000c0000000,0x00000000cf0894e8,0x00000000d0e00000)
 Metaspace       used 69894K, committed 70912K, reserved 1114112K
  class space    used 8449K, committed 8896K, reserved 1048576K
}
Event: 96.358 GC heap after
{Heap after GC invocations=289 (full 13):
 PSYoungGen      total 17408K, used 1728K [0x00000000eab00000, 0x00000000ebe80000, 0x0000000100000000)
  eden space 15360K, 0% used [0x00000000eab00000,0x00000000eab00000,0x00000000eba00000)
  from space 2048K, 84% used [0x00000000ebb80000,0x00000000ebd30000,0x00000000ebd80000)
  to   space 1024K, 0% used [0x00000000ebd80000,0x00000000ebd80000,0x00000000ebe80000)
 ParOldGen       total 276480K, used 247893K [0x00000000c0000000, 0x00000000d0e00000, 0x00000000eab00000)
  object space 276480K, 89% used [0x00000000c0000000,0x00000000cf2154e8,0x00000000d0e00000)
 Metaspace       used 69894K, committed 70912K, reserved 1114112K
  class space    used 8449K, committed 8896K, reserved 1048576K
}

